Arguments: 
  /usr/local/Cellar/node/10.0.0/bin/node /usr/local/Cellar/yarn/1.6.0/libexec/bin/yarn.js

PATH: 
  /usr/local/sbin:/usr/local/bin:/usr/bin:/bin:/usr/sbin:/sbin

Yarn version: 
  1.6.0

Node version: 
  10.0.0

Platform: 
  darwin x64

Trace: 
  SyntaxError: /Users/pollocknoah/code/knowerlittlehomepage/package.json: Unexpected token / in JSON at position 209
      at JSON.parse (<anonymous>)
      at /usr/local/Cellar/yarn/1.6.0/libexec/lib/cli.js:1130:59
      at Generator.next (<anonymous>)
      at step (/usr/local/Cellar/yarn/1.6.0/libexec/lib/cli.js:98:30)
      at /usr/local/Cellar/yarn/1.6.0/libexec/lib/cli.js:109:13

npm manifest: 
  {
    "name": "ghost-on-heroku",
    "description": "Just a blogging platform on Heroku.",
    "license": "MIT",
    "repository": {
      "type": "git",
      "url": "git://github.com/cobyism/ghost-on-heroku.git"
    },
    // "bugs": "https://github.com/TryGhost/Ghost/issues",
    "private": true,
    "version": "0.8.0",
    "dependencies": {
      // "Casper": "TryGhost/Casper#1.3.0",
      "ghost": "1.22.7",
      "ghost-s3-storage": "0.2.2",
      "ncp": "^2.0.0",
      "pg": "latest"
    },
    "engines": {
      "node": "~0.10.0"
    },
    "scripts": {
      // "postinstall": "ncp node_modules/Casper content/themes/casper",
      "start": "node server.js"
    }
  }

yarn manifest: 
  No manifest

Lockfile: 
  No lockfile
